mode: set
_/Users/richardchiu/Documents/test/go/src/golang_site_crawler/engine/crawler.go:15.36,18.16 3 0
_/Users/richardchiu/Documents/test/go/src/golang_site_crawler/engine/crawler.go:21.2,24.16 4 0
_/Users/richardchiu/Documents/test/go/src/golang_site_crawler/engine/crawler.go:27.2,27.19 1 0
_/Users/richardchiu/Documents/test/go/src/golang_site_crawler/engine/crawler.go:18.16,20.3 1 0
_/Users/richardchiu/Documents/test/go/src/golang_site_crawler/engine/crawler.go:24.16,26.3 1 0
_/Users/richardchiu/Documents/test/go/src/golang_site_crawler/engine/crawler.go:30.47,32.16 2 0
_/Users/richardchiu/Documents/test/go/src/golang_site_crawler/engine/crawler.go:35.2,35.42 1 0
_/Users/richardchiu/Documents/test/go/src/golang_site_crawler/engine/crawler.go:39.2,41.16 3 0
_/Users/richardchiu/Documents/test/go/src/golang_site_crawler/engine/crawler.go:44.2,45.34 2 0
_/Users/richardchiu/Documents/test/go/src/golang_site_crawler/engine/crawler.go:61.2,63.19 2 0
_/Users/richardchiu/Documents/test/go/src/golang_site_crawler/engine/crawler.go:32.16,34.3 1 0
_/Users/richardchiu/Documents/test/go/src/golang_site_crawler/engine/crawler.go:35.42,38.3 2 0
_/Users/richardchiu/Documents/test/go/src/golang_site_crawler/engine/crawler.go:41.16,43.3 1 0
_/Users/richardchiu/Documents/test/go/src/golang_site_crawler/engine/crawler.go:45.34,46.50 1 0
_/Users/richardchiu/Documents/test/go/src/golang_site_crawler/engine/crawler.go:46.50,47.29 1 0
_/Users/richardchiu/Documents/test/go/src/golang_site_crawler/engine/crawler.go:47.29,48.24 1 0
_/Users/richardchiu/Documents/test/go/src/golang_site_crawler/engine/crawler.go:51.5,52.19 2 0
_/Users/richardchiu/Documents/test/go/src/golang_site_crawler/engine/crawler.go:55.5,55.35 1 0
_/Users/richardchiu/Documents/test/go/src/golang_site_crawler/engine/crawler.go:48.24,49.14 1 0
_/Users/richardchiu/Documents/test/go/src/golang_site_crawler/engine/crawler.go:52.19,53.14 1 0
_/Users/richardchiu/Documents/test/go/src/golang_site_crawler/engine/crawler.go:55.35,57.6 1 0
_/Users/richardchiu/Documents/test/go/src/golang_site_crawler/engine/crawler.go:66.62,67.16 1 0
_/Users/richardchiu/Documents/test/go/src/golang_site_crawler/engine/crawler.go:70.2,70.53 1 0
_/Users/richardchiu/Documents/test/go/src/golang_site_crawler/engine/crawler.go:73.2,73.17 1 0
_/Users/richardchiu/Documents/test/go/src/golang_site_crawler/engine/crawler.go:67.16,69.3 1 0
_/Users/richardchiu/Documents/test/go/src/golang_site_crawler/engine/crawler.go:70.53,72.3 1 0
_/Users/richardchiu/Documents/test/go/src/golang_site_crawler/engine/crawler.go:73.17,75.3 1 0
_/Users/richardchiu/Documents/test/go/src/golang_site_crawler/engine/domain.go:12.42,14.16 2 0
_/Users/richardchiu/Documents/test/go/src/golang_site_crawler/engine/domain.go:17.2,19.21 2 0
_/Users/richardchiu/Documents/test/go/src/golang_site_crawler/engine/domain.go:14.16,16.3 1 0
_/Users/richardchiu/Documents/test/go/src/golang_site_crawler/engine/domain.go:19.21,22.3 2 0
_/Users/richardchiu/Documents/test/go/src/golang_site_crawler/engine/domain.go:22.8,24.3 1 0
_/Users/richardchiu/Documents/test/go/src/golang_site_crawler/engine/domain.go:27.39,28.26 1 0
_/Users/richardchiu/Documents/test/go/src/golang_site_crawler/engine/domain.go:32.2,32.46 1 0
_/Users/richardchiu/Documents/test/go/src/golang_site_crawler/engine/domain.go:28.26,30.3 1 0
_/Users/richardchiu/Documents/test/go/src/golang_site_crawler/engine/domain.go:32.46,34.3 1 0
_/Users/richardchiu/Documents/test/go/src/golang_site_crawler/engine/domain.go:34.8,36.3 1 0
_/Users/richardchiu/Documents/test/go/src/golang_site_crawler/engine/domain.go:39.37,44.38 4 0
_/Users/richardchiu/Documents/test/go/src/golang_site_crawler/engine/domain.go:44.38,46.3 1 0
_/Users/richardchiu/Documents/test/go/src/golang_site_crawler/engine/domain.go:46.8,48.3 1 0
_/Users/richardchiu/Documents/test/go/src/golang_site_crawler/engine/filesystem.go:10.62,11.49 1 0
_/Users/richardchiu/Documents/test/go/src/golang_site_crawler/engine/filesystem.go:15.2,15.17 1 0
_/Users/richardchiu/Documents/test/go/src/golang_site_crawler/engine/filesystem.go:11.49,13.3 1 0
_/Users/richardchiu/Documents/test/go/src/golang_site_crawler/engine/filesystem.go:15.17,17.3 1 0
_/Users/richardchiu/Documents/test/go/src/golang_site_crawler/engine/filesystem.go:17.8,19.3 1 0
_/Users/richardchiu/Documents/test/go/src/golang_site_crawler/engine/filesystem.go:22.60,25.17 2 0
_/Users/richardchiu/Documents/test/go/src/golang_site_crawler/engine/filesystem.go:28.2,31.16 3 0
_/Users/richardchiu/Documents/test/go/src/golang_site_crawler/engine/filesystem.go:35.2,38.38 2 0
_/Users/richardchiu/Documents/test/go/src/golang_site_crawler/engine/filesystem.go:43.2,44.17 2 0
_/Users/richardchiu/Documents/test/go/src/golang_site_crawler/engine/filesystem.go:48.2,48.12 1 0
_/Users/richardchiu/Documents/test/go/src/golang_site_crawler/engine/filesystem.go:25.17,27.3 1 0
_/Users/richardchiu/Documents/test/go/src/golang_site_crawler/engine/filesystem.go:31.16,33.3 1 0
_/Users/richardchiu/Documents/test/go/src/golang_site_crawler/engine/filesystem.go:38.38,40.3 1 0
_/Users/richardchiu/Documents/test/go/src/golang_site_crawler/engine/filesystem.go:44.17,46.3 1 0
